{"level":"error","message":"[SyncManager] Blocked invalid data for C:\\Users\\pc\\Documents\\ZazaLingo\\Data_Base\\data\\map\\stations.ts","service":"data-base-server","timestamp":"2026-04-10 19:29:39"}
{"level":"error","message":"[SyncManager] Blocked invalid data for C:\\Users\\pc\\Documents\\ZazaLingo\\ZazaLingo\\data\\map\\stations.ts","service":"data-base-server","timestamp":"2026-04-10 19:29:39"}
{"level":"error","message":"[SyncManager] Blocked invalid data for C:\\Users\\pc\\Documents\\ZazaLingo\\Data_Base\\data\\map\\decorations.ts","service":"data-base-server","timestamp":"2026-04-10 19:29:39"}
{"level":"error","message":"[SyncManager] Blocked invalid data for C:\\Users\\pc\\Documents\\ZazaLingo\\ZazaLingo\\data\\map\\decorations.ts","service":"data-base-server","timestamp":"2026-04-10 19:29:39"}
{"level":"error","message":"[SyncManager] Blocked invalid data for C:\\Users\\pc\\Documents\\ZazaLingo\\Data_Base\\data\\map\\config.ts","service":"data-base-server","timestamp":"2026-04-10 19:29:39"}
{"level":"error","message":"[SyncManager] Blocked invalid data for C:\\Users\\pc\\Documents\\ZazaLingo\\ZazaLingo\\data\\map\\config.ts","service":"data-base-server","timestamp":"2026-04-10 19:29:39"}
{"level":"error","message":"[SyncManager] Error in injectDataIntoTSFile for C:\\Users\\pc\\Documents\\ZazaLingo\\Data_Base\\data\\locales\\Tr.ts: [SyncManager] Locked: TS .tmp file recently modified for C:\\Users\\pc\\Documents\\ZazaLingo\\Data_Base\\data\\locales\\Tr.ts","service":"data-base-server","timestamp":"2026-04-16 13:01:07"}
{"level":"error","message":"❌ Dev server locale hatası: [SyncManager] Locked: TS .tmp file recently modified for C:\\Users\\pc\\Documents\\ZazaLingo\\Data_Base\\data\\locales\\Tr.ts","service":"data-base-server","stack":"Error: [SyncManager] Locked: TS .tmp file recently modified for C:\\Users\\pc\\Documents\\ZazaLingo\\Data_Base\\data\\locales\\Tr.ts\n    at SyncManager.injectDataIntoTSFile (C:\\Users\\pc\\Documents\\ZazaLingo\\Data_Base\\SyncManager.js:90:27)\n    at saveLocalesToFiles (C:\\Users\\pc\\Documents\\ZazaLingo\\Data_Base\\database-server.js:676:25)\n    at IncomingMessage.<anonymous> (C:\\Users\\pc\\Documents\\ZazaLingo\\Data_Base\\database-server.js:545:17)\n    at IncomingMessage.emit (node:events:508:20)\n    at endReadableNT (node:internal/streams/readable:1729:12)\n    at process.processTicksAndRejections (node:internal/process/task_queues:90:21)","timestamp":"2026-04-16 13:01:07"}
{"level":"error","message":"[SyncManager] Error in injectDataIntoTSFile for C:\\Users\\pc\\Documents\\ZazaLingo\\Data_Base\\data\\locales\\Tr.ts: [SyncManager] Locked: TS .tmp file recently modified for C:\\Users\\pc\\Documents\\ZazaLingo\\Data_Base\\data\\locales\\Tr.ts","service":"data-base-server","timestamp":"2026-04-16 13:32:45"}
{"level":"error","message":"❌ Dev server locale hatası: [SyncManager] Locked: TS .tmp file recently modified for C:\\Users\\pc\\Documents\\ZazaLingo\\Data_Base\\data\\locales\\Tr.ts","service":"data-base-server","stack":"Error: [SyncManager] Locked: TS .tmp file recently modified for C:\\Users\\pc\\Documents\\ZazaLingo\\Data_Base\\data\\locales\\Tr.ts\n    at SyncManager.injectDataIntoTSFile (C:\\Users\\pc\\Documents\\ZazaLingo\\Data_Base\\SyncManager.js:90:27)\n    at saveLocalesToFiles (C:\\Users\\pc\\Documents\\ZazaLingo\\Data_Base\\database-server.js:676:25)\n    at IncomingMessage.<anonymous> (C:\\Users\\pc\\Documents\\ZazaLingo\\Data_Base\\database-server.js:545:17)\n    at IncomingMessage.emit (node:events:508:20)\n    at endReadableNT (node:internal/streams/readable:1729:12)\n    at process.processTicksAndRejections (node:internal/process/task_queues:90:21)","timestamp":"2026-04-16 13:32:45"}
{"level":"error","message":"[POST /save] Fatal Error: curriculumManager.resolveTestPaths is not a function","service":"data-base-server","timestamp":"2026-04-16 17:20:11"}
{"level":"error","message":"TypeError: curriculumManager.resolveTestPaths is not a function\n    at saveDataToFiles (C:\\Users\\pc\\Documents\\ZazaLingo\\Data_Base\\database-server.js:598:45)\n    at IncomingMessage.<anonymous> (C:\\Users\\pc\\Documents\\ZazaLingo\\Data_Base\\database-server.js:535:17)\n    at IncomingMessage.emit (node:events:508:20)\n    at endReadableNT (node:internal/streams/readable:1729:12)\n    at process.processTicksAndRejections (node:internal/process/task_queues:90:21)","service":"data-base-server","timestamp":"2026-04-16 17:20:11"}
{"level":"error","message":"[SchemaValidator] KEY ERROR: \"custom_field\" must be PascalCase.","service":"data-base-server","timestamp":"2026-04-18 19:21:50"}
{"level":"error","message":"[SchemaValidator] Validation failed for /save","service":"data-base-server","timestamp":"2026-04-18 19:21:50"}
{"level":"error","message":"[SchemaValidator] KEY ERROR: \"mapConfig.railWidth\" must be PascalCase.","service":"data-base-server","timestamp":"2026-04-18 19:21:51"}
{"level":"error","message":"[SchemaValidator] Validation failed for /save","service":"data-base-server","timestamp":"2026-04-18 19:21:51"}
{"level":"error","message":"[SchemaValidator] KEY ERROR: \"proverbs.value\" must be PascalCase.","service":"data-base-server","timestamp":"2026-04-18 19:22:37"}
{"level":"error","message":"[SchemaValidator] Validation failed for /save","service":"data-base-server","timestamp":"2026-04-18 19:22:37"}
{"level":"error","message":"[SchemaValidator] KEY ERROR: \"proverbs.0\" must be PascalCase.","service":"data-base-server","timestamp":"2026-04-18 19:23:16"}
{"level":"error","message":"[SchemaValidator] Validation failed for /save","service":"data-base-server","timestamp":"2026-04-18 19:23:16"}
{"level":"error","message":"[SchemaValidator] KEY ERROR: \"stations\" must be PascalCase.","service":"data-base-server","timestamp":"2026-04-18 23:36:30"}
{"level":"error","message":"[SchemaValidator] Validation failed for /save","service":"data-base-server","timestamp":"2026-04-18 23:36:30"}
{"level":"error","message":"[SchemaValidator] KEY ERROR: \"stations\" must be PascalCase.","service":"data-base-server","timestamp":"2026-04-19 00:21:39"}
{"level":"error","message":"[SchemaValidator] Validation failed for /save","service":"data-base-server","timestamp":"2026-04-19 00:21:39"}
{"level":"error","message":"[SchemaValidator] KEY ERROR: \"stations\" must be PascalCase.","service":"data-base-server","timestamp":"2026-04-19 15:30:05"}
{"level":"error","message":"[SchemaValidator] Validation failed for /save","service":"data-base-server","timestamp":"2026-04-19 15:30:05"}
{"level":"error","message":"[SchemaValidator] KEY ERROR: \"stations[0].signX\" must be PascalCase.","service":"data-base-server","timestamp":"2026-04-19 15:35:19"}
{"level":"error","message":"[SchemaValidator] Validation failed for /save. Error Path: stations[0].signX","service":"data-base-server","timestamp":"2026-04-19 15:35:19"}
{"level":"error","message":"[SchemaValidator] KEY ERROR: \"stations[0].signX\" must be PascalCase.","service":"data-base-server","timestamp":"2026-04-19 15:52:31"}
{"level":"error","message":"[SchemaValidator] Validation failed for /save. Error Path: stations[0].signX","service":"data-base-server","timestamp":"2026-04-19 15:52:31"}
{"level":"error","message":"[SchemaValidator] KEY ERROR: \"stations[0].tagX\" must be PascalCase.","service":"data-base-server","timestamp":"2026-04-19 15:52:53"}
{"level":"error","message":"[SchemaValidator] Validation failed for /save. Error Path: stations[0].tagX","service":"data-base-server","timestamp":"2026-04-19 15:52:53"}
{"level":"error","message":"[SchemaValidator] KEY ERROR: \"stations[0].tagX\" must be PascalCase.","service":"data-base-server","timestamp":"2026-04-19 15:53:35"}
{"level":"error","message":"[SchemaValidator] Validation failed for /save. Error Path: stations[0].tagX","service":"data-base-server","timestamp":"2026-04-19 15:53:35"}
{"level":"error","message":"[SchemaValidator] KEY ERROR: \"tests.test_1774209082939\" must be PascalCase.","service":"data-base-server","timestamp":"2026-04-19 15:53:51"}
{"level":"error","message":"[SchemaValidator] Validation failed for /save. Error Path: tests.test_1774209082939","service":"data-base-server","timestamp":"2026-04-19 15:53:51"}
{"level":"error","message":"[SchemaValidator] KEY ERROR: \"tests.test_1774209082939\" must be PascalCase.","service":"data-base-server","timestamp":"2026-04-19 15:56:02"}
{"level":"error","message":"[SchemaValidator] Validation failed for /save. Error Path: tests.test_1774209082939","service":"data-base-server","timestamp":"2026-04-19 15:56:02"}
{"level":"error","message":"[SchemaValidator] KEY ERROR: \"tests.test_1774209082939\" must be PascalCase.","service":"data-base-server","timestamp":"2026-04-19 15:56:49"}
{"level":"error","message":"[SchemaValidator] Validation failed for /save. Error Path: tests.test_1774209082939","service":"data-base-server","timestamp":"2026-04-19 15:56:49"}
{"level":"error","message":"[SchemaValidator] KEY ERROR: \"tests.test_1774209082939\" must be PascalCase.","service":"data-base-server","timestamp":"2026-04-19 16:02:21"}
{"level":"error","message":"[SchemaValidator] Validation failed for /save. Error Path: tests.test_1774209082939","service":"data-base-server","timestamp":"2026-04-19 16:02:21"}
{"level":"error","message":"[SchemaValidator] KEY ERROR: \"tests.test_1774209082939\" must be PascalCase.","service":"data-base-server","timestamp":"2026-04-19 16:02:40"}
{"level":"error","message":"[SchemaValidator] Validation failed for /save. Error Path: tests.test_1774209082939","service":"data-base-server","timestamp":"2026-04-19 16:02:40"}
{"level":"error","message":"[SchemaValidator] KEY ERROR: \"tests.test_1774209082939\" must be PascalCase.","service":"data-base-server","timestamp":"2026-04-19 16:17:01"}
{"level":"error","message":"[SchemaValidator] Validation failed for /save. Error Path: tests.test_1774209082939","service":"data-base-server","timestamp":"2026-04-19 16:17:01"}
{"level":"error","message":"[SchemaValidator] KEY ERROR: \"tests.test_1774209082939\" must be PascalCase.","service":"data-base-server","timestamp":"2026-04-19 16:17:32"}
{"level":"error","message":"[SchemaValidator] Validation failed for /save. Error Path: tests.test_1774209082939","service":"data-base-server","timestamp":"2026-04-19 16:17:32"}
{"level":"error","message":"[SchemaValidator] KEY ERROR: \"tests.test_1774209082939\" must be PascalCase.","service":"data-base-server","timestamp":"2026-04-19 16:33:17"}
{"level":"error","message":"[SchemaValidator] Validation failed for /save. Error Path: tests.test_1774209082939","service":"data-base-server","timestamp":"2026-04-19 16:33:17"}
{"level":"error","message":"[SchemaValidator] KEY ERROR: \"tests.matching_test_1.title.tr\" must be PascalCase.","service":"data-base-server","timestamp":"2026-04-19 16:34:41"}
{"level":"error","message":"[SchemaValidator] Validation failed for /save. Error Path: tests.matching_test_1.title.tr","service":"data-base-server","timestamp":"2026-04-19 16:34:41"}
{"level":"error","message":"[SchemaValidator] KEY ERROR: \"tests.matching_test_1.title.tr\" must be PascalCase.","service":"data-base-server","timestamp":"2026-04-19 16:35:06"}
{"level":"error","message":"[SchemaValidator] Validation failed for /save. Error Path: tests.matching_test_1.title.tr","service":"data-base-server","timestamp":"2026-04-19 16:35:06"}
{"level":"error","message":"[SchemaValidator] KEY ERROR: \"tests.matching_test_1.title.tr\" must be PascalCase.","service":"data-base-server","timestamp":"2026-04-19 16:35:24"}
{"level":"error","message":"[SchemaValidator] Validation failed for /save. Error Path: tests.matching_test_1.title.tr","service":"data-base-server","timestamp":"2026-04-19 16:35:24"}
{"level":"error","message":"[SchemaValidator] KEY ERROR: \"theme.tieNormalColor\" must be PascalCase.","service":"data-base-server","timestamp":"2026-04-19 16:53:50"}
{"level":"error","message":"[SchemaValidator] KEY ERROR: \"theme.tieNormalColor\" must be PascalCase.","service":"data-base-server","timestamp":"2026-04-19 16:54:25"}
{"level":"error","message":"[SchemaValidator] Validation failed for /save. Error Path: theme.tieNormalColor","service":"data-base-server","timestamp":"2026-04-19 16:54:25"}
{"level":"error","message":"[SchemaValidator] KEY ERROR: \"theme.tieNormalColor\" must be PascalCase.","service":"data-base-server","timestamp":"2026-04-19 16:54:26"}
{"level":"error","message":"[SchemaValidator] Validation failed for /save. Error Path: theme.tieNormalColor","service":"data-base-server","timestamp":"2026-04-19 16:54:26"}
{"level":"error","message":"[SchemaValidator] KEY ERROR: \"theme.tieNormalColor\" must be PascalCase.","service":"data-base-server","timestamp":"2026-04-19 16:54:56"}
{"level":"error","message":"[SchemaValidator] KEY ERROR: \"Xxx_Unknown_Field\" must be PascalCase.","service":"data-base-server","timestamp":"2026-04-19 17:24:03"}
{"level":"error","message":"[SchemaValidator] Validation failed for /save. Error Path: Xxx_Unknown_Field","service":"data-base-server","timestamp":"2026-04-19 17:24:03"}
{"level":"error","message":"[SchemaValidator] KEY ERROR: \"Xxx_Unknown_Field\" must be PascalCase.","service":"data-base-server","timestamp":"2026-04-19 17:25:22"}
{"level":"error","message":"[SchemaValidator] Validation failed for /save. Error Path: Xxx_Unknown_Field","service":"data-base-server","timestamp":"2026-04-19 17:25:22"}
{"level":"error","message":"[SyncManager] Error in injectDataIntoTSFile for C:\\Users\\pc\\Documents\\ZazaLingo\\Data_Base\\data\\curriculum\\diger\\test_1774293529313.ts: EPERM: operation not permitted, rename 'C:\\Users\\pc\\Documents\\ZazaLingo\\Data_Base\\data\\curriculum\\diger\\test_1774293529313.ts.tmp' -> 'C:\\Users\\pc\\Documents\\ZazaLingo\\Data_Base\\data\\curriculum\\diger\\test_1774293529313.ts'","service":"data-base-server","timestamp":"2026-04-19 23:33:01"}
{"level":"error","message":"[SaveRegistry] Error in handler for 'tests': EPERM: operation not permitted, rename 'C:\\Users\\pc\\Documents\\ZazaLingo\\Data_Base\\data\\curriculum\\diger\\test_1774293529313.ts.tmp' -> 'C:\\Users\\pc\\Documents\\ZazaLingo\\Data_Base\\data\\curriculum\\diger\\test_1774293529313.ts'","service":"data-base-server","timestamp":"2026-04-19 23:33:01"}
{"level":"error","message":"[POST /save] Error: EPERM: operation not permitted, rename 'C:\\Users\\pc\\Documents\\ZazaLingo\\Data_Base\\data\\curriculum\\diger\\test_1774293529313.ts.tmp' -> 'C:\\Users\\pc\\Documents\\ZazaLingo\\Data_Base\\data\\curriculum\\diger\\test_1774293529313.ts'","service":"data-base-server","timestamp":"2026-04-19 23:33:01"}
{"level":"error","message":"[SyncManager] Error in injectDataIntoTSFile for C:\\Users\\pc\\Documents\\ZazaLingo\\Data_Base\\data\\curriculum\\diger\\test_1774293529313.ts: [SyncManager] Locked: TS .tmp file recently modified for C:\\Users\\pc\\Documents\\ZazaLingo\\Data_Base\\data\\curriculum\\diger\\test_1774293529313.ts","service":"data-base-server","timestamp":"2026-04-19 23:33:01"}
{"level":"error","message":"[SaveRegistry] Error in handler for 'tests': [SyncManager] Locked: TS .tmp file recently modified for C:\\Users\\pc\\Documents\\ZazaLingo\\Data_Base\\data\\curriculum\\diger\\test_1774293529313.ts","service":"data-base-server","timestamp":"2026-04-19 23:33:01"}
{"level":"error","message":"[POST /save] Error: [SyncManager] Locked: TS .tmp file recently modified for C:\\Users\\pc\\Documents\\ZazaLingo\\Data_Base\\data\\curriculum\\diger\\test_1774293529313.ts","service":"data-base-server","timestamp":"2026-04-19 23:33:01"}
{"level":"error","message":"[SchemaValidator] KEY ERROR: \"tests.test_873baea6-a05c-45b4-aed6-8a7f147fea7c.questions[0].title.de\" must be PascalCase.","service":"data-base-server","timestamp":"2026-04-19 23:52:55"}
{"level":"error","message":"[SchemaValidator] Validation failed for /save. Error Path: tests.test_873baea6-a05c-45b4-aed6-8a7f147fea7c.questions[0].title.de","service":"data-base-server","timestamp":"2026-04-19 23:52:55"}
{"level":"error","message":"[SchemaValidator] KEY ERROR: \"tests.test_4332efca-a6dd-43e4-bd0f-1f64446a3431.questions[0].title.de\" must be PascalCase.","service":"data-base-server","timestamp":"2026-04-19 23:57:48"}
{"level":"error","message":"[SchemaValidator] Validation failed for /save. Error Path: tests.test_4332efca-a6dd-43e4-bd0f-1f64446a3431.questions[0].title.de","service":"data-base-server","timestamp":"2026-04-19 23:57:48"}
{"level":"error","message":"[AggregationReader] Failed to parse C:\\Users\\pc\\Documents\\ZazaLingo\\Data_Base\\data\\map\\stations.ts: src.match is not a function","service":"data-base-server","timestamp":"2026-04-20 00:56:26"}
{"level":"error","message":"[SchemaValidator] KEY ERROR: \"bad_locale_contract_key\" must be PascalCase.","service":"data-base-server","timestamp":"2026-04-20 01:26:20"}
{"level":"error","message":"[SchemaValidator] Validation failed for /save. Error Path: bad_locale_contract_key","service":"data-base-server","timestamp":"2026-04-20 01:26:20"}
{"level":"error","message":"[SchemaValidator] INTEGRITY ERROR: Topic \"t1\" is missing \"parentUnitId\".","service":"data-base-server","timestamp":"2026-04-23 00:54:37"}
{"level":"error","message":"[SyncManager] Failed to clone to C:\\Users\\pc\\Documents\\ZazaLingo\\ZazaLingo\\data\\proverbs\\proverbs.json: EPERM: operation not permitted, copyfile 'C:\\Users\\pc\\Documents\\ZazaLingo\\Data_Base\\data\\proverbs\\proverbs.json' -> 'C:\\Users\\pc\\Documents\\ZazaLingo\\ZazaLingo\\data\\proverbs\\proverbs.json'","service":"data-base-server","timestamp":"2026-04-23 00:55:07"}
{"level":"error","message":"[SyncManager] Failed to clone to C:\\Users\\pc\\Documents\\ZazaLingo\\ZazaLingo\\data\\proverbs\\proverbs.json: EPERM: operation not permitted, copyfile 'C:\\Users\\pc\\Documents\\ZazaLingo\\Data_Base\\data\\proverbs\\proverbs.json' -> 'C:\\Users\\pc\\Documents\\ZazaLingo\\ZazaLingo\\data\\proverbs\\proverbs.json'","service":"data-base-server","timestamp":"2026-04-23 00:56:41"}
{"level":"error","message":"[SchemaValidator] ID ERROR: Item at \"stations.value\" is missing internal \"id\" field.","service":"data-base-server","timestamp":"2026-04-23 01:08:31"}
{"level":"error","message":"[SchemaValidator] INTEGRITY ERROR: Topic \"l01_t2\" is missing \"parentUnitId\".","service":"data-base-server","timestamp":"2026-04-23 01:08:58"}
{"level":"error","message":"[SaveRegistry] Error in handler for 'tests': Cannot read properties of undefined (reading 'errors')","service":"data-base-server","timestamp":"2026-04-23 01:11:13"}
{"level":"error","message":"[POST /save] Error: Cannot read properties of undefined (reading 'errors')","service":"data-base-server","timestamp":"2026-04-23 01:11:13"}
{"level":"error","message":"[SaveRegistry] Error in handler for 'tests': Cannot read properties of undefined (reading 'errors')","service":"data-base-server","timestamp":"2026-04-23 01:11:34"}
{"level":"error","message":"[POST /save] Error: Cannot read properties of undefined (reading 'errors')","service":"data-base-server","timestamp":"2026-04-23 01:11:34"}
{"level":"error","message":"[SaveRegistry] Error in handler for 'tests': Cannot read properties of undefined (reading 'errors')","service":"data-base-server","timestamp":"2026-04-23 01:40:46"}
{"level":"error","message":"[POST /save] Error: Cannot read properties of undefined (reading 'errors')","service":"data-base-server","timestamp":"2026-04-23 01:40:46"}
{"level":"error","message":"[POST /save] Error: Expected property name or '}' in JSON at position 1 (line 1 column 2)","service":"data-base-server","timestamp":"2026-04-23 01:44:19"}
{"level":"error","message":"[SchemaValidator] INTEGRITY ERROR: Topic \"l01_t1\" is missing \"parentUnitId\".","service":"data-base-server","timestamp":"2026-04-23 01:47:54"}
{"level":"error","message":"[SchemaValidator] ID ERROR: Missing or invalid ID at \"stations[0].id\"","service":"data-base-server","timestamp":"2026-04-23 01:47:54"}
{"level":"error","message":"[SyncManager] Failed to clone to C:\\Users\\pc\\Documents\\ZazaLingo\\ZazaLingo\\data\\theme\\themeSchemes.json: EPERM: operation not permitted, copyfile 'C:\\Users\\pc\\Documents\\ZazaLingo\\Data_Base\\data\\theme\\themeSchemes.json' -> 'C:\\Users\\pc\\Documents\\ZazaLingo\\ZazaLingo\\data\\theme\\themeSchemes.json'","service":"data-base-server","timestamp":"2026-04-23 01:48:08"}
{"level":"error","message":"[POST /save] Error: Expected property name or '}' in JSON at position 1 (line 1 column 2)","service":"data-base-server","timestamp":"2026-04-23 02:02:16"}
{"level":"error","message":"[MirrorService] Failed to sync C:\\Users\\pc\\Documents\\ZazaLingo\\ZazaLingo\\data\\theme\\themeSchemes.json: EPERM: operation not permitted, copyfile 'C:\\Users\\pc\\Documents\\ZazaLingo\\Data_Base\\data\\theme\\themeSchemes.json' -> 'C:\\Users\\pc\\Documents\\ZazaLingo\\ZazaLingo\\data\\theme\\themeSchemes.json'","service":"data-base-server","timestamp":"2026-04-23 02:18:11"}
{"level":"error","message":"[POST /save] Error: Expected property name or '}' in JSON at position 1 (line 1 column 2)","service":"data-base-server","timestamp":"2026-04-23 02:25:27"}
{"level":"error","message":"[MirrorService] Failed to sync C:\\Users\\pc\\Documents\\ZazaLingo\\ZazaLingo\\data\\theme\\themeSchemes.json: EPERM: operation not permitted, copyfile 'C:\\Users\\pc\\Documents\\ZazaLingo\\Data_Base\\data\\theme\\themeSchemes.json' -> 'C:\\Users\\pc\\Documents\\ZazaLingo\\ZazaLingo\\data\\theme\\themeSchemes.json'","service":"data-base-server","timestamp":"2026-04-23 02:29:52"}
{"level":"error","message":"[GET /data] Error: aggregationManager is not defined","service":"data-base-server","timestamp":"2026-04-23 02:48:50"}
{"level":"error","message":"[GET /data] Error: aggregationManager is not defined","service":"data-base-server","timestamp":"2026-04-23 02:49:29"}
{"level":"error","message":"[GET /data] Error: aggregationManager is not defined","service":"data-base-server","timestamp":"2026-04-23 03:26:11"}
{"level":"error","message":"[SaveRegistry] Error in handler for 'stations': adapter.injectData is not a function","service":"data-base-server","timestamp":"2026-04-23 03:52:46"}
{"level":"error","message":"[POST /save] Error: adapter.injectData is not a function","service":"data-base-server","timestamp":"2026-04-23 03:52:46"}
{"level":"error","message":"[POST /save] Error: Expected property name or '}' in JSON at position 1 (line 1 column 2)","service":"data-base-server","timestamp":"2026-04-23 03:56:17"}
{"level":"error","message":"[SchemaValidator] ID ERROR: Item at \"stations.value\" is missing internal \"id\" field.","service":"data-base-server","timestamp":"2026-04-23 04:00:03"}
{"level":"error","message":"[SchemaValidator] ID ERROR: Item at \"stations.value\" is missing internal \"id\" field.","service":"data-base-server","timestamp":"2026-04-23 04:00:17"}
{"level":"error","message":"[POST /save] Error: Expected property name or '}' in JSON at position 1 (line 1 column 2)","service":"data-base-server","timestamp":"2026-04-23 04:05:19"}
{"level":"error","message":"[AggregationReader] Failed to parse data/curriculum/index.ts: Unexpected token 'e', ...\"  \"t01\": test_t01,\n}\" is not valid JSON","service":"data-base-server","timestamp":"2026-04-25 12:31:28"}
{"level":"error","message":"[AggregationReader] Failed to parse data/theme/theme.ts: Expected property name or '}' in JSON at position 6 (line 2 column 5)","service":"data-base-server","timestamp":"2026-04-25 12:31:28"}
{"level":"error","message":"[SchemaValidator] KEY ERROR: \"tests.info.mainTitle\" must be PascalCase.","service":"data-base-server","timestamp":"2026-04-30 01:07:44"}
{"level":"error","message":"[SchemaValidator] Validation failed for /save. Error Path: tests.info.mainTitle","service":"data-base-server","timestamp":"2026-04-30 01:07:44"}
